<testsuite name="org.apache.openwhisk.LatencySimulation" tests="8" errors="0" failures="0" time="0">
<testcase name="Warm nodejs:default invocation: mean of response time is less than or equal to 100.0" status="true" time="0">
  <system-out>Warm nodejs:default invocation: mean of response time is less than or equal to 100.0</system-out>
</testcase>
<testcase name="Warm nodejs:default invocation: mean of response time is less than 100.0" status="true" time="0">
  <system-out>Warm nodejs:default invocation: mean of response time is less than 100.0</system-out>
</testcase>
<testcase name="Warm nodejs:default invocation: count of failed requests is less than or equal to 0.0" status="true" time="0">
  <system-out>Warm nodejs:default invocation: count of failed requests is less than or equal to 0.0</system-out>
</testcase>
<testcase name="Warm nodejs:default invocation: percentage of failed requests is less than or equal to 0.1" status="true" time="0">
  <system-out>Warm nodejs:default invocation: percentage of failed requests is less than or equal to 0.1</system-out>
</testcase>
<testcase name="Warm python:default invocation: mean of response time is less than or equal to 100.0" status="true" time="0">
  <system-out>Warm python:default invocation: mean of response time is less than or equal to 100.0</system-out>
</testcase>
<testcase name="Warm python:default invocation: mean of response time is less than 100.0" status="true" time="0">
  <system-out>Warm python:default invocation: mean of response time is less than 100.0</system-out>
</testcase>
<testcase name="Warm python:default invocation: count of failed requests is less than or equal to 0.0" status="true" time="0">
  <system-out>Warm python:default invocation: count of failed requests is less than or equal to 0.0</system-out>
</testcase>
<testcase name="Warm python:default invocation: percentage of failed requests is less than or equal to 0.1" status="true" time="0">
  <system-out>Warm python:default invocation: percentage of failed requests is less than or equal to 0.1</system-out>
</testcase>
</testsuite>