<testsuite name="org.apache.openwhisk.BlockingInvokeOneActionSimulation" tests="3" errors="0" failures="0" time="0">
<testcase name="Invoke action: mean requests per second is greater than 50.0" status="true" time="0">
  <system-out>Invoke action: mean requests per second is greater than 50.0</system-out>
</testcase>
<testcase name="Invoke action: count of failed requests is less than or equal to 0.0" status="true" time="0">
  <system-out>Invoke action: count of failed requests is less than or equal to 0.0</system-out>
</testcase>
<testcase name="Invoke action: percentage of failed requests is less than or equal to 0.1" status="true" time="0">
  <system-out>Invoke action: percentage of failed requests is less than or equal to 0.1</system-out>
</testcase>
</testsuite>